This is pdfTeX, Version 3.14159265-2.6-1.40.16 (MiKTeX 2.9) (preloaded format=pdflatex 2016.3.14)  29 MAY 2016 10:22
entering extended mode
**H:/TendecSoftw/ProyFinal/TItrabafin.tex
(H:/TendecSoftw/ProyFinal/TItrabafin.tex
LaTeX2e <2015/10/01> patch level 2
Babel <3.9n> and hyphenation patterns for 69 languages loaded.
("C:\Program Files (x86)\MiKTeX 2.9\tex\latex\ieeetran\IEEEtran.cls"
Document Class: IEEEtran 2015/08/26 V1.8b by Michael Shell
-- See the "IEEEtran_HOWTO" manual for usage information.
-- http://www.michaelshell.org/tex/ieeetran/
\@IEEEtrantmpdimenA=\dimen102
\@IEEEtrantmpdimenB=\dimen103
\@IEEEtrantmpdimenC=\dimen104
\@IEEEtrantmpcountA=\count79
\@IEEEtrantmpcountB=\count80
\@IEEEtrantmpcountC=\count81
\@IEEEtrantmptoksA=\toks14
LaTeX Font Info:    Try loading font information for OT1+ptm on input line 503.

("C:\Program Files (x86)\MiKTeX 2.9\tex\latex\psnfss\ot1ptm.fd"
File: ot1ptm.fd 2001/06/04 font definitions for OT1/ptm.
)
-- Using 8.5in x 11in (letter) paper.
-- Using PDF output.
\@IEEEnormalsizeunitybaselineskip=\dimen105
-- This is a 10 point document.
\CLASSINFOnormalsizebaselineskip=\dimen106
\CLASSINFOnormalsizeunitybaselineskip=\dimen107
\IEEEnormaljot=\dimen108
LaTeX Font Info:    Font shape `OT1/ptm/bx/n' in size <5> not available
(Font)              Font shape `OT1/ptm/b/n' tried instead on input line 1090.
LaTeX Font Info:    Font shape `OT1/ptm/bx/it' in size <5> not available
(Font)              Font shape `OT1/ptm/b/it' tried instead on input line 1090.

LaTeX Font Info:    Font shape `OT1/ptm/bx/n' in size <7> not available
(Font)              Font shape `OT1/ptm/b/n' tried instead on input line 1090.
LaTeX Font Info:    Font shape `OT1/ptm/bx/it' in size <7> not available
(Font)              Font shape `OT1/ptm/b/it' tried instead on input line 1090.

LaTeX Font Info:    Font shape `OT1/ptm/bx/n' in size <8> not available
(Font)              Font shape `OT1/ptm/b/n' tried instead on input line 1090.
LaTeX Font Info:    Font shape `OT1/ptm/bx/it' in size <8> not available
(Font)              Font shape `OT1/ptm/b/it' tried instead on input line 1090.

LaTeX Font Info:    Font shape `OT1/ptm/bx/n' in size <9> not available
(Font)              Font shape `OT1/ptm/b/n' tried instead on input line 1090.
LaTeX Font Info:    Font shape `OT1/ptm/bx/it' in size <9> not available
(Font)              Font shape `OT1/ptm/b/it' tried instead on input line 1090.

LaTeX Font Info:    Font shape `OT1/ptm/bx/n' in size <10> not available
(Font)              Font shape `OT1/ptm/b/n' tried instead on input line 1090.
LaTeX Font Info:    Font shape `OT1/ptm/bx/it' in size <10> not available
(Font)              Font shape `OT1/ptm/b/it' tried instead on input line 1090.

LaTeX Font Info:    Font shape `OT1/ptm/bx/n' in size <11> not available
(Font)              Font shape `OT1/ptm/b/n' tried instead on input line 1090.
LaTeX Font Info:    Font shape `OT1/ptm/bx/it' in size <11> not available
(Font)              Font shape `OT1/ptm/b/it' tried instead on input line 1090.

LaTeX Font Info:    Font shape `OT1/ptm/bx/n' in size <12> not available
(Font)              Font shape `OT1/ptm/b/n' tried instead on input line 1090.
LaTeX Font Info:    Font shape `OT1/ptm/bx/it' in size <12> not available
(Font)              Font shape `OT1/ptm/b/it' tried instead on input line 1090.

LaTeX Font Info:    Font shape `OT1/ptm/bx/n' in size <17> not available
(Font)              Font shape `OT1/ptm/b/n' tried instead on input line 1090.
LaTeX Font Info:    Font shape `OT1/ptm/bx/it' in size <17> not available
(Font)              Font shape `OT1/ptm/b/it' tried instead on input line 1090.

LaTeX Font Info:    Font shape `OT1/ptm/bx/n' in size <20> not available
(Font)              Font shape `OT1/ptm/b/n' tried instead on input line 1090.
LaTeX Font Info:    Font shape `OT1/ptm/bx/it' in size <20> not available
(Font)              Font shape `OT1/ptm/b/it' tried instead on input line 1090.

LaTeX Font Info:    Font shape `OT1/ptm/bx/n' in size <24> not available
(Font)              Font shape `OT1/ptm/b/n' tried instead on input line 1090.
LaTeX Font Info:    Font shape `OT1/ptm/bx/it' in size <24> not available
(Font)              Font shape `OT1/ptm/b/it' tried instead on input line 1090.

\IEEEquantizedlength=\dimen109
\IEEEquantizedlengthdiff=\dimen110
\IEEEquantizedtextheightdiff=\dimen111
\IEEEilabelindentA=\dimen112
\IEEEilabelindentB=\dimen113
\IEEEilabelindent=\dimen114
\IEEEelabelindent=\dimen115
\IEEEdlabelindent=\dimen116
\IEEElabelindent=\dimen117
\IEEEiednormlabelsep=\dimen118
\IEEEiedmathlabelsep=\dimen119
\IEEEiedtopsep=\skip41
\c@section=\count82
\c@subsection=\count83
\c@subsubsection=\count84
\c@paragraph=\count85
\c@IEEEsubequation=\count86
\abovecaptionskip=\skip42
\belowcaptionskip=\skip43
\c@figure=\count87
\c@table=\count88
\@IEEEeqnnumcols=\count89
\@IEEEeqncolcnt=\count90
\@IEEEsubeqnnumrollback=\count91
\@IEEEquantizeheightA=\dimen120
\@IEEEquantizeheightB=\dimen121
\@IEEEquantizeheightC=\dimen122
\@IEEEquantizeprevdepth=\dimen123
\@IEEEquantizemultiple=\count92
\@IEEEquantizeboxA=\box26
\@IEEEtmpitemindent=\dimen124
\IEEEPARstartletwidth=\dimen125
\c@IEEEbiography=\count93
\@IEEEtranrubishbin=\box27
) ("C:\Program Files (x86)\MiKTeX 2.9\tex\latex\graphics\graphicx.sty"
Package: graphicx 2014/10/28 v1.0g Enhanced LaTeX Graphics (DPC,SPQR)
("C:\Program Files (x86)\MiKTeX 2.9\tex\latex\graphics\keyval.sty"
Package: keyval 2014/10/28 v1.15 key=value parser (DPC)
\KV@toks@=\toks15
) ("C:\Program Files (x86)\MiKTeX 2.9\tex\latex\graphics\graphics.sty"
Package: graphics 2014/10/28 v1.0p Standard LaTeX Graphics (DPC,SPQR)
("C:\Program Files (x86)\MiKTeX 2.9\tex\latex\graphics\trig.sty"
Package: trig 1999/03/16 v1.09 sin cos tan (DPC)
) ("C:\Program Files (x86)\MiKTeX 2.9\tex\latex\00miktex\graphics.cfg"
File: graphics.cfg 2007/01/18 v1.5 graphics configuration of teTeX/TeXLive
)
Package graphics Info: Driver file: pdftex.def on input line 94.
("C:\Program Files (x86)\MiKTeX 2.9\tex\latex\pdftex-def\pdftex.def"
File: pdftex.def 2011/05/27 v0.06d Graphics/color for pdfTeX
("C:\Program Files (x86)\MiKTeX 2.9\tex\generic\oberdiek\infwarerr.sty"
Package: infwarerr 2010/04/08 v1.3 Providing info/warning/error messages (HO)
) ("C:\Program Files (x86)\MiKTeX 2.9\tex\generic\oberdiek\ltxcmds.sty"
Package: ltxcmds 2011/11/09 v1.22 LaTeX kernel commands for general use (HO)
)
\Gread@gobject=\count94
))
\Gin@req@height=\dimen126
\Gin@req@width=\dimen127
) ("C:\Program Files (x86)\MiKTeX 2.9\tex\latex\graphics\color.sty"
Package: color 2014/10/28 v1.1a Standard LaTeX Color (DPC)
("C:\Program Files (x86)\MiKTeX 2.9\tex\latex\00miktex\color.cfg"
File: color.cfg 2007/01/18 v1.5 color configuration of teTeX/TeXLive
)
Package color Info: Driver file: pdftex.def on input line 142.
) (framed.sty
Package: framed 2011/10/22 v 0.96: framed or shaded text with page breaks
\OuterFrameSep=\skip44
\fb@frw=\dimen128
\fb@frh=\dimen129
\FrameRule=\dimen130
\FrameSep=\dimen131
) ("C:\Program Files (x86)\MiKTeX 2.9\tex\latex\base\alltt.sty"
Package: alltt 1997/06/16 v2.0g defines alltt environment
) ("C:\Program Files (x86)\MiKTeX 2.9\tex\latex\base\inputenc.sty"
Package: inputenc 2015/03/17 v1.2c Input encoding file
\inpenc@prehook=\toks16
\inpenc@posthook=\toks17
("C:\Program Files (x86)\MiKTeX 2.9\tex\latex\base\utf8.def"
File: utf8.def 2015/09/07 v1.1p UTF-8 support for inputenc
Now handling font encoding OML ...
... no UTF-8 mapping file for font encoding OML
Now handling font encoding T1 ...
... processing UTF-8 mapping file for font encoding T1
("C:\Program Files (x86)\MiKTeX 2.9\tex\latex\base\t1enc.dfu"
File: t1enc.dfu 2015/09/07 v1.1p UTF-8 support for inputenc
   defining Unicode char U+00A0 (decimal 160)
   defining Unicode char U+00A1 (decimal 161)
   defining Unicode char U+00A3 (decimal 163)
   defining Unicode char U+00AB (decimal 171)
   defining Unicode char U+00AD (decimal 173)
   defining Unicode char U+00BB (decimal 187)
   defining Unicode char U+00BF (decimal 191)
   defining Unicode char U+00C0 (decimal 192)
   defining Unicode char U+00C1 (decimal 193)
   defining Unicode char U+00C2 (decimal 194)
   defining Unicode char U+00C3 (decimal 195)
   defining Unicode char U+00C4 (decimal 196)
   defining Unicode char U+00C5 (decimal 197)
   defining Unicode char U+00C6 (decimal 198)
   defining Unicode char U+00C7 (decimal 199)
   defining Unicode char U+00C8 (decimal 200)
   defining Unicode char U+00C9 (decimal 201)
   defining Unicode char U+00CA (decimal 202)
   defining Unicode char U+00CB (decimal 203)
   defining Unicode char U+00CC (decimal 204)
   defining Unicode char U+00CD (decimal 205)
   defining Unicode char U+00CE (decimal 206)
   defining Unicode char U+00CF (decimal 207)
   defining Unicode char U+00D0 (decimal 208)
   defining Unicode char U+00D1 (decimal 209)
   defining Unicode char U+00D2 (decimal 210)
   defining Unicode char U+00D3 (decimal 211)
   defining Unicode char U+00D4 (decimal 212)
   defining Unicode char U+00D5 (decimal 213)
   defining Unicode char U+00D6 (decimal 214)
   defining Unicode char U+00D8 (decimal 216)
   defining Unicode char U+00D9 (decimal 217)
   defining Unicode char U+00DA (decimal 218)
   defining Unicode char U+00DB (decimal 219)
   defining Unicode char U+00DC (decimal 220)
   defining Unicode char U+00DD (decimal 221)
   defining Unicode char U+00DE (decimal 222)
   defining Unicode char U+00DF (decimal 223)
   defining Unicode char U+00E0 (decimal 224)
   defining Unicode char U+00E1 (decimal 225)
   defining Unicode char U+00E2 (decimal 226)
   defining Unicode char U+00E3 (decimal 227)
   defining Unicode char U+00E4 (decimal 228)
   defining Unicode char U+00E5 (decimal 229)
   defining Unicode char U+00E6 (decimal 230)
   defining Unicode char U+00E7 (decimal 231)
   defining Unicode char U+00E8 (decimal 232)
   defining Unicode char U+00E9 (decimal 233)
   defining Unicode char U+00EA (decimal 234)
   defining Unicode char U+00EB (decimal 235)
   defining Unicode char U+00EC (decimal 236)
   defining Unicode char U+00ED (decimal 237)
   defining Unicode char U+00EE (decimal 238)
   defining Unicode char U+00EF (decimal 239)
   defining Unicode char U+00F0 (decimal 240)
   defining Unicode char U+00F1 (decimal 241)
   defining Unicode char U+00F2 (decimal 242)
   defining Unicode char U+00F3 (decimal 243)
   defining Unicode char U+00F4 (decimal 244)
   defining Unicode char U+00F5 (decimal 245)
   defining Unicode char U+00F6 (decimal 246)
   defining Unicode char U+00F8 (decimal 248)
   defining Unicode char U+00F9 (decimal 249)
   defining Unicode char U+00FA (decimal 250)
   defining Unicode char U+00FB (decimal 251)
   defining Unicode char U+00FC (decimal 252)
   defining Unicode char U+00FD (decimal 253)
   defining Unicode char U+00FE (decimal 254)
   defining Unicode char U+00FF (decimal 255)
   defining Unicode char U+0102 (decimal 258)
   defining Unicode char U+0103 (decimal 259)
   defining Unicode char U+0104 (decimal 260)
   defining Unicode char U+0105 (decimal 261)
   defining Unicode char U+0106 (decimal 262)
   defining Unicode char U+0107 (decimal 263)
   defining Unicode char U+010C (decimal 268)
   defining Unicode char U+010D (decimal 269)
   defining Unicode char U+010E (decimal 270)
   defining Unicode char U+010F (decimal 271)
   defining Unicode char U+0110 (decimal 272)
   defining Unicode char U+0111 (decimal 273)
   defining Unicode char U+0118 (decimal 280)
   defining Unicode char U+0119 (decimal 281)
   defining Unicode char U+011A (decimal 282)
   defining Unicode char U+011B (decimal 283)
   defining Unicode char U+011E (decimal 286)
   defining Unicode char U+011F (decimal 287)
   defining Unicode char U+0130 (decimal 304)
   defining Unicode char U+0131 (decimal 305)
   defining Unicode char U+0132 (decimal 306)
   defining Unicode char U+0133 (decimal 307)
   defining Unicode char U+0139 (decimal 313)
   defining Unicode char U+013A (decimal 314)
   defining Unicode char U+013D (decimal 317)
   defining Unicode char U+013E (decimal 318)
   defining Unicode char U+0141 (decimal 321)
   defining Unicode char U+0142 (decimal 322)
   defining Unicode char U+0143 (decimal 323)
   defining Unicode char U+0144 (decimal 324)
   defining Unicode char U+0147 (decimal 327)
   defining Unicode char U+0148 (decimal 328)
   defining Unicode char U+014A (decimal 330)
   defining Unicode char U+014B (decimal 331)
   defining Unicode char U+0150 (decimal 336)
   defining Unicode char U+0151 (decimal 337)
   defining Unicode char U+0152 (decimal 338)
   defining Unicode char U+0153 (decimal 339)
   defining Unicode char U+0154 (decimal 340)
   defining Unicode char U+0155 (decimal 341)
   defining Unicode char U+0158 (decimal 344)
   defining Unicode char U+0159 (decimal 345)
   defining Unicode char U+015A (decimal 346)
   defining Unicode char U+015B (decimal 347)
   defining Unicode char U+015E (decimal 350)
   defining Unicode char U+015F (decimal 351)
   defining Unicode char U+0160 (decimal 352)
   defining Unicode char U+0161 (decimal 353)
   defining Unicode char U+0162 (decimal 354)
   defining Unicode char U+0163 (decimal 355)
   defining Unicode char U+0164 (decimal 356)
   defining Unicode char U+0165 (decimal 357)
   defining Unicode char U+016E (decimal 366)
   defining Unicode char U+016F (decimal 367)
   defining Unicode char U+0170 (decimal 368)
   defining Unicode char U+0171 (decimal 369)
   defining Unicode char U+0174 (decimal 372)
   defining Unicode char U+0175 (decimal 373)
   defining Unicode char U+0176 (decimal 374)
   defining Unicode char U+0177 (decimal 375)
   defining Unicode char U+0178 (decimal 376)
   defining Unicode char U+0179 (decimal 377)
   defining Unicode char U+017A (decimal 378)
   defining Unicode char U+017B (decimal 379)
   defining Unicode char U+017C (decimal 380)
   defining Unicode char U+017D (decimal 381)
   defining Unicode char U+017E (decimal 382)
   defining Unicode char U+0218 (decimal 536)
   defining Unicode char U+0219 (decimal 537)
   defining Unicode char U+021A (decimal 538)
   defining Unicode char U+021B (decimal 539)
   defining Unicode char U+200C (decimal 8204)
   defining Unicode char U+2013 (decimal 8211)
   defining Unicode char U+2014 (decimal 8212)
   defining Unicode char U+2018 (decimal 8216)
   defining Unicode char U+2019 (decimal 8217)
   defining Unicode char U+201A (decimal 8218)
   defining Unicode char U+201C (decimal 8220)
   defining Unicode char U+201D (decimal 8221)
   defining Unicode char U+201E (decimal 8222)
   defining Unicode char U+2030 (decimal 8240)
   defining Unicode char U+2031 (decimal 8241)
   defining Unicode char U+2039 (decimal 8249)
   defining Unicode char U+203A (decimal 8250)
   defining Unicode char U+2423 (decimal 9251)
)
Now handling font encoding OT1 ...
... processing UTF-8 mapping file for font encoding OT1
("C:\Program Files (x86)\MiKTeX 2.9\tex\latex\base\ot1enc.dfu"
File: ot1enc.dfu 2015/09/07 v1.1p UTF-8 support for inputenc
   defining Unicode char U+00A0 (decimal 160)
   defining Unicode char U+00A1 (decimal 161)
   defining Unicode char U+00A3 (decimal 163)
   defining Unicode char U+00AD (decimal 173)
   defining Unicode char U+00B8 (decimal 184)
   defining Unicode char U+00BF (decimal 191)
   defining Unicode char U+00C5 (decimal 197)
   defining Unicode char U+00C6 (decimal 198)
   defining Unicode char U+00D8 (decimal 216)
   defining Unicode char U+00DF (decimal 223)
   defining Unicode char U+00E6 (decimal 230)
   defining Unicode char U+00EC (decimal 236)
   defining Unicode char U+00ED (decimal 237)
   defining Unicode char U+00EE (decimal 238)
   defining Unicode char U+00EF (decimal 239)
   defining Unicode char U+00F8 (decimal 248)
   defining Unicode char U+0131 (decimal 305)
   defining Unicode char U+0141 (decimal 321)
   defining Unicode char U+0142 (decimal 322)
   defining Unicode char U+0152 (decimal 338)
   defining Unicode char U+0153 (decimal 339)
   defining Unicode char U+0174 (decimal 372)
   defining Unicode char U+0175 (decimal 373)
   defining Unicode char U+0176 (decimal 374)
   defining Unicode char U+0177 (decimal 375)
   defining Unicode char U+0218 (decimal 536)
   defining Unicode char U+0219 (decimal 537)
   defining Unicode char U+021A (decimal 538)
   defining Unicode char U+021B (decimal 539)
   defining Unicode char U+2013 (decimal 8211)
   defining Unicode char U+2014 (decimal 8212)
   defining Unicode char U+2018 (decimal 8216)
   defining Unicode char U+2019 (decimal 8217)
   defining Unicode char U+201C (decimal 8220)
   defining Unicode char U+201D (decimal 8221)
)
Now handling font encoding OMS ...
... processing UTF-8 mapping file for font encoding OMS
("C:\Program Files (x86)\MiKTeX 2.9\tex\latex\base\omsenc.dfu"
File: omsenc.dfu 2015/09/07 v1.1p UTF-8 support for inputenc
   defining Unicode char U+00A7 (decimal 167)
   defining Unicode char U+00B6 (decimal 182)
   defining Unicode char U+00B7 (decimal 183)
   defining Unicode char U+2020 (decimal 8224)
   defining Unicode char U+2021 (decimal 8225)
   defining Unicode char U+2022 (decimal 8226)
)
Now handling font encoding OMX ...
... no UTF-8 mapping file for font encoding OMX
Now handling font encoding U ...
... no UTF-8 mapping file for font encoding U
   defining Unicode char U+00A9 (decimal 169)
   defining Unicode char U+00AA (decimal 170)
   defining Unicode char U+00AE (decimal 174)
   defining Unicode char U+00BA (decimal 186)
   defining Unicode char U+02C6 (decimal 710)
   defining Unicode char U+02DC (decimal 732)
   defining Unicode char U+200C (decimal 8204)
   defining Unicode char U+2026 (decimal 8230)
   defining Unicode char U+2122 (decimal 8482)
   defining Unicode char U+2423 (decimal 9251)
)) ("C:\Program Files (x86)\MiKTeX 2.9\tex\latex\svg\svg.sty"
Package: svg 2012/09/05 v1.0 SVG inclusion and extraction
("C:\Program Files (x86)\MiKTeX 2.9\tex\latex\xkeyval\xkeyval.sty"
Package: xkeyval 2014/12/03 v2.7a package option processing (HA)
("C:\Program Files (x86)\MiKTeX 2.9\tex\generic\xkeyval\xkeyval.tex" ("C:\Progr
am Files (x86)\MiKTeX 2.9\tex\generic\xkeyval\xkvutils.tex"
\XKV@toks=\toks18
\XKV@tempa@toks=\toks19
)
\XKV@depth=\count95
File: xkeyval.tex 2014/12/03 v2.7a key=value parser (HA)
)) ("C:\Program Files (x86)\MiKTeX 2.9\tex\latex\subfig\subfig.sty"
Package: subfig 2005/06/28 ver: 1.3 subfig package
("C:\Program Files (x86)\MiKTeX 2.9\tex\latex\caption\caption.sty"
Package: caption 2016/02/21 v3.3-144 Customizing captions (AR)
("C:\Program Files (x86)\MiKTeX 2.9\tex\latex\caption\caption3.sty"
Package: caption3 2016/02/04 v1.7-139 caption3 kernel (AR)
Package caption3 Info: TeX engine: e-TeX on input line 67.
\captionmargin=\dimen132
\captionmargin@=\dimen133
\captionwidth=\dimen134
\caption@tempdima=\dimen135
\caption@indent=\dimen136
\caption@parindent=\dimen137
\caption@hangindent=\dimen138
Package caption Info: Unknown document class (or package),
(caption)             standard defaults will be used.
)

Package caption Warning: Unsupported document class (or package) detected,
(caption)                usage of the caption package is not recommended.
See the caption package documentation for explanation.

Package caption Info: \@makecaption = \long macro:#1#2->\ifx \@captype \@IEEEta
blestring \footnotesize \bgroup \par \centering \@IEEEtabletopskipstrut {\norma
lfont \footnotesize #1}\\{\normalfont \footnotesize \scshape #2}\par \addvspace
 {0.5\baselineskip }\egroup \@IEEEtablecaptionsepspace \else \@IEEEfigurecaptio
nsepspace \setbox \@tempboxa \hbox {\normalfont \footnotesize {#1.}\nobreakspac
e \nobreakspace #2}\ifdim \wd \@tempboxa >\hsize \setbox \@tempboxa \hbox {\nor
malfont \footnotesize {#1.}\nobreakspace \nobreakspace }\parbox [t]{\hsize }{\n
ormalfont \footnotesize \noindent \unhbox \@tempboxa #2}\else \ifCLASSOPTIONcon
ference \hbox to\hsize {\normalfont \footnotesize \hfil \box \@tempboxa \hfil }
\else \hbox to\hsize {\normalfont \footnotesize \box \@tempboxa \hfil }\fi \fi 
\fi .
\c@ContinuedFloat=\count96
)
\c@KVtest=\count97
\sf@farskip=\skip45
\sf@captopadj=\dimen139
\sf@capskip=\skip46
\sf@nearskip=\skip47
\c@subfigure=\count98
\c@subfigure@save=\count99
\c@lofdepth=\count100
\c@subtable=\count101
\c@subtable@save=\count102
\c@lotdepth=\count103
\sf@top=\skip48
\sf@bottom=\skip49
) ("C:\Program Files (x86)\MiKTeX 2.9\tex\latex\import\import.sty"
Package: import 2009/03/23  v 5.1
) ("C:\Program Files (x86)\MiKTeX 2.9\tex\latex\oberdiek\transparent.sty"
Package: transparent 2007/01/08 v1.0 Transparency via pdfTeX's color stack (HO)

("C:\Program Files (x86)\MiKTeX 2.9\tex\generic\oberdiek\ifpdf.sty"
Package: ifpdf 2011/01/30 v2.3 Provides the ifpdf switch (HO)
Package ifpdf Info: pdfTeX in PDF mode is detected.
) ("C:\Program Files (x86)\MiKTeX 2.9\tex\latex\oberdiek\auxhook.sty"
Package: auxhook 2011/03/04 v1.3 Hooks for auxiliary files (HO)
)) ("C:\Program Files (x86)\MiKTeX 2.9\tex\latex\xcolor\xcolor.sty"
Package: xcolor 2007/01/21 v2.11 LaTeX color extensions (UK)
("C:\Program Files (x86)\MiKTeX 2.9\tex\latex\00miktex\color.cfg"
File: color.cfg 2007/01/18 v1.5 color configuration of teTeX/TeXLive
)
Package xcolor Info: Driver file: pdftex.def on input line 225.
LaTeX Info: Redefining \color on input line 702.
Package xcolor Info: Model `cmy' substituted by `cmy0' on input line 1337.
Package xcolor Info: Model `hsb' substituted by `rgb' on input line 1341.
Package xcolor Info: Model `RGB' extended on input line 1353.
Package xcolor Info: Model `HTML' substituted by `rgb' on input line 1355.
Package xcolor Info: Model `Hsb' substituted by `hsb' on input line 1356.
Package xcolor Info: Model `tHsb' substituted by `hsb' on input line 1357.
Package xcolor Info: Model `HSB' substituted by `hsb' on input line 1358.
Package xcolor Info: Model `Gray' substituted by `gray' on input line 1359.
Package xcolor Info: Model `wave' substituted by `hsb' on input line 1360.
)
\SVG@out@width=\skip50
\SVG@out@height=\skip51
\c@svgfigure=\count104
) ("C:\Program Files (x86)\MiKTeX 2.9\tex\generic\babel\babel.sty"
Package: babel 2016/01/08 3.9n The Babel package
*************************************
* Local config file bblopts.cfg used
*
("C:\Program Files (x86)\MiKTeX 2.9\tex\latex\00miktex\bblopts.cfg"
File: bblopts.cfg 2006/07/31 v1.0 MiKTeX 'babel' configuration
) ("C:\Program Files (x86)\MiKTeX 2.9\tex\latex\babel-spanish\spanish.ldf"
Language: spanish.ldf 2016/01/15 v5.0o Spanish support from the babel system
("C:\Program Files (x86)\MiKTeX 2.9\tex\generic\babel\babel.def"
File: babel.def 2016/01/08 3.9n Babel common definitions
\babel@savecnt=\count105
\U@D=\dimen140
)
\es@quottoks=\toks20
\es@quotdepth=\count106
Package babel Info: Making " an active character on input line 533.
Package babel Info: Making . an active character on input line 634.
Package babel Info: Making < an active character on input line 679.
Package babel Info: Making > an active character on input line 679.
)) ("C:\Program Files (x86)\MiKTeX 2.9\tex\latex\upquote\upquote.sty"
Package: upquote 2012/04/19 v1.3 upright-quote and grave-accent glyphs in verba
tim
("C:\Program Files (x86)\MiKTeX 2.9\tex\latex\base\textcomp.sty"
Package: textcomp 2005/09/27 v1.99g Standard LaTeX package
Package textcomp Info: Sub-encoding information:
(textcomp)               5 = only ISO-Adobe without \textcurrency
(textcomp)               4 = 5 + \texteuro
(textcomp)               3 = 4 + \textohm
(textcomp)               2 = 3 + \textestimated + \textcurrency
(textcomp)               1 = TS1 - \textcircled - \t
(textcomp)               0 = TS1 (full)
(textcomp)             Font families with sub-encoding setting implement
(textcomp)             only a restricted character set as indicated.
(textcomp)             Family '?' is the default used for unknown fonts.
(textcomp)             See the documentation for details.
Package textcomp Info: Setting ? sub-encoding to TS1/1 on input line 79.
("C:\Program Files (x86)\MiKTeX 2.9\tex\latex\base\ts1enc.def"
File: ts1enc.def 2001/06/05 v3.0e (jk/car/fm) Standard LaTeX file
Now handling font encoding TS1 ...
... processing UTF-8 mapping file for font encoding TS1
("C:\Program Files (x86)\MiKTeX 2.9\tex\latex\base\ts1enc.dfu"
File: ts1enc.dfu 2015/09/07 v1.1p UTF-8 support for inputenc
   defining Unicode char U+00A2 (decimal 162)
   defining Unicode char U+00A3 (decimal 163)
   defining Unicode char U+00A4 (decimal 164)
   defining Unicode char U+00A5 (decimal 165)
   defining Unicode char U+00A6 (decimal 166)
   defining Unicode char U+00A7 (decimal 167)
   defining Unicode char U+00A8 (decimal 168)
   defining Unicode char U+00A9 (decimal 169)
   defining Unicode char U+00AA (decimal 170)
   defining Unicode char U+00AC (decimal 172)
   defining Unicode char U+00AE (decimal 174)
   defining Unicode char U+00AF (decimal 175)
   defining Unicode char U+00B0 (decimal 176)
   defining Unicode char U+00B1 (decimal 177)
   defining Unicode char U+00B2 (decimal 178)
   defining Unicode char U+00B3 (decimal 179)
   defining Unicode char U+00B4 (decimal 180)
   defining Unicode char U+00B5 (decimal 181)
   defining Unicode char U+00B6 (decimal 182)
   defining Unicode char U+00B7 (decimal 183)
   defining Unicode char U+00B9 (decimal 185)
   defining Unicode char U+00BA (decimal 186)
   defining Unicode char U+00BC (decimal 188)
   defining Unicode char U+00BD (decimal 189)
   defining Unicode char U+00BE (decimal 190)
   defining Unicode char U+00D7 (decimal 215)
   defining Unicode char U+00F7 (decimal 247)
   defining Unicode char U+0192 (decimal 402)
   defining Unicode char U+02C7 (decimal 711)
   defining Unicode char U+02D8 (decimal 728)
   defining Unicode char U+02DD (decimal 733)
   defining Unicode char U+0E3F (decimal 3647)
   defining Unicode char U+2016 (decimal 8214)
   defining Unicode char U+2020 (decimal 8224)
   defining Unicode char U+2021 (decimal 8225)
   defining Unicode char U+2022 (decimal 8226)
   defining Unicode char U+2030 (decimal 8240)
   defining Unicode char U+2031 (decimal 8241)
   defining Unicode char U+203B (decimal 8251)
   defining Unicode char U+203D (decimal 8253)
   defining Unicode char U+2044 (decimal 8260)
   defining Unicode char U+204E (decimal 8270)
   defining Unicode char U+2052 (decimal 8274)
   defining Unicode char U+20A1 (decimal 8353)
   defining Unicode char U+20A4 (decimal 8356)
   defining Unicode char U+20A6 (decimal 8358)
   defining Unicode char U+20A9 (decimal 8361)
   defining Unicode char U+20AB (decimal 8363)
   defining Unicode char U+20AC (decimal 8364)
   defining Unicode char U+20B1 (decimal 8369)
   defining Unicode char U+2103 (decimal 8451)
   defining Unicode char U+2116 (decimal 8470)
   defining Unicode char U+2117 (decimal 8471)
   defining Unicode char U+211E (decimal 8478)
   defining Unicode char U+2120 (decimal 8480)
   defining Unicode char U+2122 (decimal 8482)
   defining Unicode char U+2126 (decimal 8486)
   defining Unicode char U+2127 (decimal 8487)
   defining Unicode char U+212E (decimal 8494)
   defining Unicode char U+2190 (decimal 8592)
   defining Unicode char U+2191 (decimal 8593)
   defining Unicode char U+2192 (decimal 8594)
   defining Unicode char U+2193 (decimal 8595)
   defining Unicode char U+2329 (decimal 9001)
   defining Unicode char U+232A (decimal 9002)
   defining Unicode char U+2422 (decimal 9250)
   defining Unicode char U+25E6 (decimal 9702)
   defining Unicode char U+25EF (decimal 9711)
   defining Unicode char U+266A (decimal 9834)
))
LaTeX Info: Redefining \oldstylenums on input line 334.
Package textcomp Info: Setting cmr sub-encoding to TS1/0 on input line 349.
Package textcomp Info: Setting cmss sub-encoding to TS1/0 on input line 350.
Package textcomp Info: Setting cmtt sub-encoding to TS1/0 on input line 351.
Package textcomp Info: Setting cmvtt sub-encoding to TS1/0 on input line 352.
Package textcomp Info: Setting cmbr sub-encoding to TS1/0 on input line 353.
Package textcomp Info: Setting cmtl sub-encoding to TS1/0 on input line 354.
Package textcomp Info: Setting ccr sub-encoding to TS1/0 on input line 355.
Package textcomp Info: Setting ptm sub-encoding to TS1/4 on input line 356.
Package textcomp Info: Setting pcr sub-encoding to TS1/4 on input line 357.
Package textcomp Info: Setting phv sub-encoding to TS1/4 on input line 358.
Package textcomp Info: Setting ppl sub-encoding to TS1/3 on input line 359.
Package textcomp Info: Setting pag sub-encoding to TS1/4 on input line 360.
Package textcomp Info: Setting pbk sub-encoding to TS1/4 on input line 361.
Package textcomp Info: Setting pnc sub-encoding to TS1/4 on input line 362.
Package textcomp Info: Setting pzc sub-encoding to TS1/4 on input line 363.
Package textcomp Info: Setting bch sub-encoding to TS1/4 on input line 364.
Package textcomp Info: Setting put sub-encoding to TS1/5 on input line 365.
Package textcomp Info: Setting uag sub-encoding to TS1/5 on input line 366.
Package textcomp Info: Setting ugq sub-encoding to TS1/5 on input line 367.
Package textcomp Info: Setting ul8 sub-encoding to TS1/4 on input line 368.
Package textcomp Info: Setting ul9 sub-encoding to TS1/4 on input line 369.
Package textcomp Info: Setting augie sub-encoding to TS1/5 on input line 370.
Package textcomp Info: Setting dayrom sub-encoding to TS1/3 on input line 371.
Package textcomp Info: Setting dayroms sub-encoding to TS1/3 on input line 372.

Package textcomp Info: Setting pxr sub-encoding to TS1/0 on input line 373.
Package textcomp Info: Setting pxss sub-encoding to TS1/0 on input line 374.
Package textcomp Info: Setting pxtt sub-encoding to TS1/0 on input line 375.
Package textcomp Info: Setting txr sub-encoding to TS1/0 on input line 376.
Package textcomp Info: Setting txss sub-encoding to TS1/0 on input line 377.
Package textcomp Info: Setting txtt sub-encoding to TS1/0 on input line 378.
Package textcomp Info: Setting lmr sub-encoding to TS1/0 on input line 379.
Package textcomp Info: Setting lmdh sub-encoding to TS1/0 on input line 380.
Package textcomp Info: Setting lmss sub-encoding to TS1/0 on input line 381.
Package textcomp Info: Setting lmssq sub-encoding to TS1/0 on input line 382.
Package textcomp Info: Setting lmvtt sub-encoding to TS1/0 on input line 383.
Package textcomp Info: Setting lmtt sub-encoding to TS1/0 on input line 384.
Package textcomp Info: Setting qhv sub-encoding to TS1/0 on input line 385.
Package textcomp Info: Setting qag sub-encoding to TS1/0 on input line 386.
Package textcomp Info: Setting qbk sub-encoding to TS1/0 on input line 387.
Package textcomp Info: Setting qcr sub-encoding to TS1/0 on input line 388.
Package textcomp Info: Setting qcs sub-encoding to TS1/0 on input line 389.
Package textcomp Info: Setting qpl sub-encoding to TS1/0 on input line 390.
Package textcomp Info: Setting qtm sub-encoding to TS1/0 on input line 391.
Package textcomp Info: Setting qzc sub-encoding to TS1/0 on input line 392.
Package textcomp Info: Setting qhvc sub-encoding to TS1/0 on input line 393.
Package textcomp Info: Setting futs sub-encoding to TS1/4 on input line 394.
Package textcomp Info: Setting futx sub-encoding to TS1/4 on input line 395.
Package textcomp Info: Setting futj sub-encoding to TS1/4 on input line 396.
Package textcomp Info: Setting hlh sub-encoding to TS1/3 on input line 397.
Package textcomp Info: Setting hls sub-encoding to TS1/3 on input line 398.
Package textcomp Info: Setting hlst sub-encoding to TS1/3 on input line 399.
Package textcomp Info: Setting hlct sub-encoding to TS1/5 on input line 400.
Package textcomp Info: Setting hlx sub-encoding to TS1/5 on input line 401.
Package textcomp Info: Setting hlce sub-encoding to TS1/5 on input line 402.
Package textcomp Info: Setting hlcn sub-encoding to TS1/5 on input line 403.
Package textcomp Info: Setting hlcw sub-encoding to TS1/5 on input line 404.
Package textcomp Info: Setting hlcf sub-encoding to TS1/5 on input line 405.
Package textcomp Info: Setting pplx sub-encoding to TS1/3 on input line 406.
Package textcomp Info: Setting pplj sub-encoding to TS1/3 on input line 407.
Package textcomp Info: Setting ptmx sub-encoding to TS1/4 on input line 408.
Package textcomp Info: Setting ptmj sub-encoding to TS1/4 on input line 409.
)) (TItrabafin.aux
LaTeX Info: Redefining \. on input line 7.
LaTeX Info: Redefining \% on input line 7.
)
\openout1 = `TItrabafin.aux'.

LaTeX Font Info:    Checking defaults for OML/cmm/m/it on input line 70.
LaTeX Font Info:    ... okay on input line 70.
LaTeX Font Info:    Checking defaults for T1/cmr/m/n on input line 70.
LaTeX Font Info:    ... okay on input line 70.
LaTeX Font Info:    Checking defaults for OT1/cmr/m/n on input line 70.
LaTeX Font Info:    ... okay on input line 70.
LaTeX Font Info:    Checking defaults for OMS/cmsy/m/n on input line 70.
LaTeX Font Info:    ... okay on input line 70.
LaTeX Font Info:    Checking defaults for OMX/cmex/m/n on input line 70.
LaTeX Font Info:    ... okay on input line 70.
LaTeX Font Info:    Checking defaults for U/cmr/m/n on input line 70.
LaTeX Font Info:    ... okay on input line 70.
LaTeX Font Info:    Checking defaults for TS1/cmr/m/n on input line 70.
LaTeX Font Info:    Try loading font information for TS1+cmr on input line 70.
("C:\Program Files (x86)\MiKTeX 2.9\tex\latex\base\ts1cmr.fd"
File: ts1cmr.fd 2014/09/29 v2.5h Standard LaTeX font definitions
)
LaTeX Font Info:    ... okay on input line 70.
-- Lines per column: 56 (exact).
("C:\Program Files (x86)\MiKTeX 2.9\tex\context\base\supp-pdf.mkii"
[Loading MPS to PDF converter (version 2006.09.02).]
\scratchcounter=\count107
\scratchdimen=\dimen141
\scratchbox=\box28
\nofMPsegments=\count108
\nofMParguments=\count109
\everyMPshowfont=\toks21
\MPscratchCnt=\count110
\MPscratchDim=\dimen142
\MPnumerator=\count111
\makeMPintoPDFobject=\count112
\everyMPtoPDFconversion=\toks22
)
Package caption Info: Begin \AtBeginDocument code.
Package caption Info: subfig package v1.3 is loaded.
Package caption Info: End \AtBeginDocument code.
LaTeX Info: Redefining \. on input line 70.
LaTeX Info: Redefining \% on input line 70.

Underfull \hbox (badness 10000) in paragraph at lines 89--93

 []


Underfull \hbox (badness 10000) in paragraph at lines 89--93

 []


Underfull \hbox (badness 2245) in paragraph at lines 89--93
\OT1/ptm/b/n/9 si-quie-ra la pues-ta en mar-cha de los da-tos abier-tos, la
 []


Underfull \hbox (badness 10000) in paragraph at lines 111--115

 []


Underfull \hbox (badness 10000) in paragraph at lines 111--115

 []


Underfull \hbox (badness 2245) in paragraph at lines 111--115
\OT1/ptm/b/n/9 si-quie-ra la pues-ta en mar-cha de los da-tos abier-tos, la
 []


Underfull \vbox (badness 10000) has occurred while \output is active []


Underfull \hbox (badness 1997) in paragraph at lines 126--130
\OT1/ptm/m/n/10 pa-ra re-fe-rir-se a to-do lo re-la-cio-na-do en el []ambi-to d
el
 []


Underfull \hbox (badness 10000) in paragraph at lines 126--130

 []


Underfull \hbox (badness 3219) in paragraph at lines 126--130
\OT1/ptm/m/n/10 El con-gre-so de Co-lom-bia, cuen-ta con dos si-tos web
 []


Underfull \hbox (badness 10000) in paragraph at lines 126--130

 []


Underfull \hbox (badness 10000) in paragraph at lines 126--130

 []

[1{C:/Users/JesusPinzon/AppData/Local/MiKTeX/2.9/pdftex/config/pdftex.map}


]
LaTeX Font Info:    External font `cmex10' loaded for size
(Font)              <7> on input line 142.
LaTeX Font Info:    External font `cmex10' loaded for size
(Font)              <5> on input line 142.

Underfull \hbox (badness 10000) in paragraph at lines 142--143

 []


Underfull \hbox (badness 10000) in paragraph at lines 143--144

 []


Underfull \hbox (badness 1990) in paragraph at lines 144--145
[]\OT1/ptm/m/n/10 Proponer un plan me-to-dol[]ogi-co de im-ple-men-ta-ci[]on
 []


Underfull \hbox (badness 2418) in paragraph at lines 144--145
\OT1/ptm/m/n/10 de la Web Sem[]anti-ca Le-gis-la-ti-va pa-ra la C[]ama-ra
 []


Underfull \hbox (badness 1762) in paragraph at lines 144--145
\OT1/ptm/m/n/10 de Re-pre-sen-tan-tes, es-ta-ble-cien-do to-dos los re-cur-sos
 []


Underfull \hbox (badness 10000) in paragraph at lines 144--145

 []

<EEC2.jpg, id=8, 457.71pt x 324.21124pt>
File: EEC2.jpg Graphic file (type jpg)
<use EEC2.jpg>
Package pdftex.def Info: EEC2.jpg used on input line 159.
(pdftex.def)             Requested size: 258.0pt x 182.75424pt.

Overfull \hbox (6.0pt too wide) in paragraph at lines 159--160
 [][] 
 []

<RLorga.jpg, id=9, 336.50719pt x 252.19218pt>
File: RLorga.jpg Graphic file (type jpg)
<use RLorga.jpg>
Package pdftex.def Info: RLorga.jpg used on input line 165.
(pdftex.def)             Requested size: 258.0pt x 193.35738pt.

Overfull \hbox (6.0pt too wide) in paragraph at lines 165--166
 [][] 
 []

<RLfuncion.jpg, id=10, 336.50719pt x 176.91093pt>
File: RLfuncion.jpg Graphic file (type jpg)
<use RLfuncion.jpg>
Package pdftex.def Info: RLfuncion.jpg used on input line 171.
(pdftex.def)             Requested size: 258.0pt x 135.63875pt.

Overfull \hbox (6.0pt too wide) in paragraph at lines 171--172
 [][] 
 []


LaTeX Warning: `h' float specifier changed to `ht'.

<portales-congreso.jpg, id=11, 408.77719pt x 174.6525pt>
File: portales-congreso.jpg Graphic file (type jpg)
<use portales-congreso.jpg>
Package pdftex.def Info: portales-congreso.jpg used on input line 181.
(pdftex.def)             Requested size: 206.39685pt x 88.18414pt.

Underfull \hbox (badness 2452) in paragraph at lines 177--184
\OT1/ptm/m/n/10 CA-MA-RA DE RE-PRE-SEN-TAN-TES www.camara.gov.co;
 []


Underfull \hbox (badness 10000) in paragraph at lines 177--184

 []


Underfull \hbox (badness 10000) in paragraph at lines 177--184
\OT1/ptm/m/n/10 Espec[]fi-ca-men-te pa-ra el Con-gre-so de Co-lom-bia
 []


Underfull \hbox (badness 10000) in paragraph at lines 177--184
\OT1/ptm/m/n/10 se cuen-ta con los por-ta-les web del SE-NA-DO
 []


Underfull \hbox (badness 10000) in paragraph at lines 177--184
\OT1/ptm/m/n/10 www.senado.gov.co, www.secretariasenado.gov.co,
 []


Underfull \hbox (badness 7012) in paragraph at lines 177--184
\OT1/ptm/m/n/10 www.comisionseptimasenado.gov.co y de la CA-MA-RA
 []


Underfull \hbox (badness 6173) in paragraph at lines 177--184
\OT1/ptm/m/n/10 DE RE-PRE-SE-NAN-TES www.camara.gov.co. En don-de
 []

[2 <./EEC2.jpg> <./RLorga.jpg>]
Underfull \hbox (badness 1577) in paragraph at lines 187--191
\OT1/ptm/m/n/10 los no-ven-ta, en el mar-co de los dis-tin-tos pro-ce-sos de
 []


Underfull \hbox (badness 10000) in paragraph at lines 187--191

 []


Underfull \hbox (badness 2111) in paragraph at lines 187--191
\OT1/ptm/m/n/10 La di-rec-ti-va pre-si-den-cial 02 de 2000, cre[]o la Agen-da
 []


Underfull \hbox (badness 2165) in paragraph at lines 187--191
\OT1/ptm/m/n/10 mar-can el ini-cio de pol[]ti-cas orien-ta-das a im-pul-sar la

 []


Underfull \hbox (badness 10000) in paragraph at lines 187--191

 []


Underfull \hbox (badness 1577) in paragraph at lines 187--191
\OT1/ptm/m/n/10 y con-cep-tos so-bre la so-cie-dad de la in-for-ma-ci[]on y la
 []


Underfull \hbox (badness 10000) in paragraph at lines 187--191

 []


Underfull \hbox (badness 1810) in paragraph at lines 187--191
\OT1/ptm/m/n/10 En ca-so es-pec[]fi-co pa-ra el Con-gre-so de Co-lom-bia, en
 []


Underfull \hbox (badness 10000) in paragraph at lines 187--191

 []


Underfull \hbox (badness 10000) in paragraph at lines 187--191

 []

<datos-abiertos-col.jpg, id=18, 389.95688pt x 127.22531pt>
File: datos-abiertos-col.jpg Graphic file (type jpg)
<use datos-abiertos-col.jpg>
Package pdftex.def Info: datos-abiertos-col.jpg used on input line 199.
(pdftex.def)             Requested size: 258.0pt x 84.17667pt.

Overfull \hbox (6.0pt too wide) in paragraph at lines 199--200
 [][] 
 []


Underfull \hbox (badness 5954) in paragraph at lines 200--200
\OT1/ptm/m/n/9 Fuente: http://inkdroid.org/jo5urnal/2010/06/04/the-5-stars-of-o
pen-
 []

<modelo-datos-col.jpg, id=19, 341.77687pt x 203.25937pt>
File: modelo-datos-col.jpg Graphic file (type jpg)
<use modelo-datos-col.jpg>
Package pdftex.def Info: modelo-datos-col.jpg used on input line 205.
(pdftex.def)             Requested size: 258.0pt x 153.44592pt.

Overfull \hbox (6.0pt too wide) in paragraph at lines 205--206
 [][] 
 []


Underfull \hbox (badness 3009) in paragraph at lines 195--209
[]\OT1/ptm/m/n/10 El por-tal web de los Da-tos Abier-tos de Co-lom-bia
 []


Underfull \hbox (badness 10000) in paragraph at lines 195--209

 []


Underfull \hbox (badness 3250) in paragraph at lines 195--209
\OT1/ptm/m/n/10 abier-tos2. Es-ta ca-te-go-ri-za-ci[]on se ha con-ver-ti-do en 
un
 []


LaTeX Warning: `h' float specifier changed to `ht'.

[3 <./RLfuncion.jpg> <./portales-congreso.jpg>]
LaTeX Font Info:    External font `cmex10' loaded for size
(Font)              <8> on input line 221.
LaTeX Font Info:    External font `cmex10' loaded for size
(Font)              <6> on input line 221.

Overfull \hbox (30.58304pt too wide) in paragraph at lines 221--276
 [][] 
 []


Underfull \hbox (badness 10000) in paragraph at lines 213--279

 []


Underfull \hbox (badness 10000) in paragraph at lines 213--279

 []


Underfull \hbox (badness 1803) in paragraph at lines 213--279
\OT1/ptm/m/n/10 que fue-ron san-cion-das por la Pre-si-den-cia de Co-lom-bia
 []


Underfull \hbox (badness 2197) in paragraph at lines 213--279
\OT1/ptm/m/n/10 y su fuen-te de con-sul-ta a sus co-rres-pon-dien-tes tex-tos
 []


Underfull \hbox (badness 6592) in paragraph at lines 213--279
\OT1/ptm/m/n/10 es-ta en los por-ta-les (en HTML): de las le-yes de
 []


Underfull \hbox (badness 10000) in paragraph at lines 213--279
\OT1/ptm/m/n/10 los a[]nos 1968 a 1991 es-ta en www.camara.gov.co
 []


Underfull \hbox (badness 10000) in paragraph at lines 213--279
\OT1/ptm/m/n/10 (ftp://ftp.camara.gov.co/camara/basedoc/arbol/1889.html y
 []


Underfull \hbox (badness 10000) in paragraph at lines 213--279
\OT1/ptm/m/n/10 ftp://ftp.camara.gov.co/camara/basedoc/arbol/1006.html)
 []


Underfull \hbox (badness 10000) in paragraph at lines 213--279
\OT1/ptm/m/n/10 y las le-yes de los a[]nos 1992 has-ta la fe-cha,
 []


Underfull \hbox (badness 10000) in paragraph at lines 213--279
\OT1/ptm/m/n/10 se en-cuen-tran en www.secretariasenado.gov.co
 []


Overfull \hbox (31.77711pt too wide) in paragraph at lines 213--279
\OT1/ptm/m/n/10 (http://www.secretariasenado.gov.co/senado/basedoc/arbol/1120.h
tml). 
 []


Package xcolor Warning: Incompatible color definition on input line 283.

LaTeX Font Info:    Try loading font information for OT1+pcr on input line 284.

("C:\Program Files (x86)\MiKTeX 2.9\tex\latex\psnfss\ot1pcr.fd"
File: ot1pcr.fd 2001/06/04 font definitions for OT1/pcr.
)

Package xcolor Warning: Incompatible color definition on input line 298.

<figure/unnamed-chunk-2-1.pdf, id=23, 505.89pt x 505.89pt>
File: figure/unnamed-chunk-2-1.pdf Graphic file (type pdf)
<use figure/unnamed-chunk-2-1.pdf>
Package pdftex.def Info: figure/unnamed-chunk-2-1.pdf used on input line 299.
(pdftex.def)             Requested size: 252.0pt x 252.00262pt.

Overfull \hbox (10.0pt too wide) in paragraph at lines 299--300
[][] 
 []


Package xcolor Warning: Incompatible color definition on input line 305.

<figure/unnamed-chunk-3-1.pdf, id=24, 505.89pt x 505.89pt>
Underfull \vbox (badness 10000) has occurred while \output is active []

[4 <./datos-abiertos-col.jpg> <./modelo-datos-col.jpg>]
File: figure/unnamed-chunk-3-1.pdf Graphic file (type pdf)
<use figure/unnamed-chunk-3-1.pdf>
Package pdftex.def Info: figure/unnamed-chunk-3-1.pdf used on input line 306.
(pdftex.def)             Requested size: 252.0pt x 252.00262pt.

Overfull \hbox (10.0pt too wide) in paragraph at lines 306--307
[][] 
 []

<ws-evolucion-proy.jpg, id=29, 425.33907pt x 240.9pt>
File: ws-evolucion-proy.jpg Graphic file (type jpg)
<use ws-evolucion-proy.jpg>
Package pdftex.def Info: ws-evolucion-proy.jpg used on input line 363.
(pdftex.def)             Requested size: 258.0pt x 146.12906pt.

Overfull \hbox (6.0pt too wide) in paragraph at lines 363--364
 [][] 
 []

<ws-actual-ws2.png, id=30, 398.99063pt x 184.43906pt>
File: ws-actual-ws2.png Graphic file (type png)
<use ws-actual-ws2.png>
Package pdftex.def Info: ws-actual-ws2.png used on input line 369.
(pdftex.def)             Requested size: 258.0pt x 119.26762pt.

Overfull \hbox (6.0pt too wide) in paragraph at lines 369--370
 [][] 
 []


Underfull \hbox (badness 6961) in paragraph at lines 376--382
\OT1/ptm/m/n/10 econ[]omi-co pa-ra el ac-ce-so al co-no-ci-mien-to ex-pli-ci-to
,
 []


Underfull \hbox (badness 10000) in paragraph at lines 376--382

 []


Underfull \hbox (badness 2809) in paragraph at lines 376--382
\OT1/ptm/m/n/10 HTML, orien-ta-do so-bre to-do a la trans-mi-si[]on de los
 []


Underfull \hbox (badness 10000) in paragraph at lines 376--382

 []


Underfull \hbox (badness 3333) in paragraph at lines 376--382
\OT1/ptm/m/n/10 Como es sa-bi-do HTML (Hy-per-tex Mar-kup Lan-gua-ge)
 []


Underfull \hbox (badness 10000) in paragraph at lines 376--382

 []


Underfull \hbox (badness 1515) in paragraph at lines 376--382
\OT1/ptm/m/n/10 es-pe-ci-fi-car, usan-do un con-jun-to de mar-cas, c[]omo va a
 []


Underfull \hbox (badness 10000) in paragraph at lines 376--382

 []


Underfull \hbox (badness 10000) in paragraph at lines 376--382

 []

[5 <./figure/unnamed-chunk-2-1.pdf> <./figure/unnamed-chunk-3-1.pdf> <./ws-evol
ucion-proy.jpg> <./ws-actual-ws2.png>] <ws-arquitectura2.png, id=46, 221.1462pt
 x 158.994pt>
File: ws-arquitectura2.png Graphic file (type png)
<use ws-arquitectura2.png>
Package pdftex.def Info: ws-arquitectura2.png used on input line 389.
(pdftex.def)             Requested size: 258.0pt x 185.50548pt.

Overfull \hbox (6.0pt too wide) in paragraph at lines 389--390
 [][] 
 []

<ws-arquitectura1.jpg, id=48, 307.1475pt x 255.95625pt>
File: ws-arquitectura1.jpg Graphic file (type jpg)
<use ws-arquitectura1.jpg>
Package pdftex.def Info: ws-arquitectura1.jpg used on input line 396.
(pdftex.def)             Requested size: 258.0pt x 215.01349pt.

Overfull \hbox (6.0pt too wide) in paragraph at lines 396--397
 [][] 
 []


Underfull \hbox (badness 10000) in paragraph at lines 385--400

 []


Underfull \hbox (badness 2932) in paragraph at lines 385--400
\OT1/ptm/m/n/10 fun-da-men-tal-men-te, la ano-ta-ci[]on del con-te-ni-do me-dia
n-te
 []


Underfull \hbox (badness 10000) in paragraph at lines 385--400
\OT1/ptm/m/n/10 len-gua-jes de mar-ca-do (XML) (Are-llano, No-ga-les y
 []


Underfull \hbox (badness 3989) in paragraph at lines 385--400
\OT1/ptm/m/n/10 de do-cu-men-tos (XML Sche-ma), el es-ta-ble-ci-mien-to de
 []


Underfull \hbox (badness 10000) in paragraph at lines 385--400

 []


Underfull \hbox (badness 1354) in paragraph at lines 385--400
\OT1/ptm/m/n/10 en-cap-su-la-dos, tra-ta-dos co-mo gran-des ba-ses de da-tos en

 []

[6 <./ws-arquitectura2.png>]
Underfull \hbox (badness 1454) in paragraph at lines 404--408
\OT1/ptm/m/n/10 En L[]nea' de la Pre-si-den-cia de Co-lom-bia, me per-mi-to
 []


Underfull \hbox (badness 10000) in paragraph at lines 404--408

 []


Underfull \hbox (badness 10000) in paragraph at lines 404--408

 []


Underfull \hbox (badness 10000) in paragraph at lines 404--408

 []


Underfull \hbox (badness 1424) in paragraph at lines 411--415
\OT1/ptm/m/n/10 mar-ca-ci[]on est[]andar pro-mo-vi-do por el W3C y adop-ta-do
 []


Underfull \hbox (badness 2635) in paragraph at lines 411--415
\OT1/ptm/m/n/10 am-plia-men-te a ni-vel mun-dial pa-ra re-pre-sen-tar da-tos y
 []


Underfull \hbox (badness 10000) in paragraph at lines 411--415

 []


Underfull \hbox (badness 1990) in paragraph at lines 411--415
\OT1/ptm/m/n/10 Teniendo en cuen-ta, co-mo se ha se[]nala-do, el car[]acter
 []


Underfull \hbox (badness 10000) in paragraph at lines 411--415

 []


Underfull \hbox (badness 1496) in paragraph at lines 411--415
\OT1/ptm/m/n/10 Seg[]un el Re-por-te del Word E-Parliament de 2012 hay
 []


Underfull \hbox (badness 1635) in paragraph at lines 411--415
\OT1/ptm/m/n/10 de do-cu-men-tos en-tre los pro-pios []orga-nos le-gis-la-ti-vo
s y
 []


Underfull \hbox (badness 2503) in paragraph at lines 411--415
\OT1/ptm/m/n/10 con en-ti-da-des ex-ter-nas; per-mi-te una b[]usque-da ex-ten-s
as
 []


Underfull \hbox (badness 10000) in paragraph at lines 411--415

 []


Underfull \hbox (badness 1694) in paragraph at lines 411--415
\OT1/ptm/m/n/10 electr[]oni-ca, pues ase-gu-ra: la au-ten-ti-ca-ci[]on del au-t
or, la
 []


Underfull \hbox (badness 1990) in paragraph at lines 411--415
\OT1/ptm/m/n/10 di-gi-tal avan-za-dos; en Co-lom-bia exis-ten en-ti-da-des co-m
o
 []

[7 <./ws-arquitectura1.jpg>]
Underfull \hbox (badness 2837) in paragraph at lines 419--422
\OT1/ptm/m/n/10 XML de los do-cu-men-tos par-la-men-ta-rios, le-gis-la-ti-vos y

 []


Underfull \hbox (badness 10000) in paragraph at lines 419--422

 []


Underfull \hbox (badness 6252) in paragraph at lines 419--422
\OT1/ptm/b/n/10 PRESENTACION, ES-TRUC-TU-RA Y SE-MAN-TI-CA\OT1/ptm/m/n/10 .
 []


Underfull \hbox (badness 10000) in paragraph at lines 427--431

 []


Underfull \hbox (badness 10000) in paragraph at lines 427--431

 []


Underfull \hbox (badness 3557) in paragraph at lines 434--435
[]\OT1/ptm/m/n/10 Descripci[]on de los do-cu-men-tos: de-be ser po-si-ble
 []


Underfull \hbox (badness 2818) in paragraph at lines 434--435
\OT1/ptm/m/n/10 la crea-ci[]on de re-po-si-to-rios, mo-to-res de b[]usque-da,
 []


Underfull \hbox (badness 10000) in paragraph at lines 434--435

 []


Underfull \hbox (badness 2626) in paragraph at lines 436--438
\OT1/ptm/m/n/10 Al mis-mo tiem-po, el mo-de-lo Ako-ma Nto-so con-si-de-ra
 []


Underfull \hbox (badness 10000) in paragraph at lines 436--438

 []


Underfull \hbox (badness 2521) in paragraph at lines 442--445
[]\OT1/ptm/m/n/10 A me-di-da que ha evo-lu-cio-na-do la web, se ha ido
 []


Underfull \hbox (badness 2027) in paragraph at lines 442--445
\OT1/ptm/m/n/10 me-dio de sub-sis-ten-cia y per-ma-nen-cia en es-te con-ti-nuo
 []


Underfull \hbox (badness 6094) in paragraph at lines 442--445
\OT1/ptm/m/n/10 per-fec-cio-na-mien-to del co-no-ci-mien-to tec-nol[]ogi-co y d
el
 []


Underfull \hbox (badness 10000) in paragraph at lines 442--445

 []


Underfull \hbox (badness 1783) in paragraph at lines 442--445
\OT1/ptm/m/n/10 po-si-cio-na-mien-to es-trat[]egi-co so-bre su via-bi-li-dad. S
on en
 []


Underfull \hbox (badness 10000) in paragraph at lines 442--445

 []


Underfull \hbox (badness 2126) in paragraph at lines 442--445
\OT1/ptm/m/n/10 do-cu-men-tos le-gis-la-ti-vos pro-du-ci-dos por el Con-gre-so 
de
 []

[8]
Underfull \hbox (badness 10000) in paragraph at lines 462--465

 []


Underfull \hbox (badness 10000) in paragraph at lines 462--465

 []


** Conference Paper **
Before submitting the final camera ready copy, remember to:

 1. Manually equalize the lengths of two columns on the last page
 of your paper;

 2. Ensure that any PostScript and/or PDF output post-processing
 uses only Type 1 fonts and that every step in the generation
 process uses the appropriate paper size.

[9] (TItrabafin.aux
LaTeX Info: Redefining \. on input line 7.
LaTeX Info: Redefining \% on input line 7.
) ) 
Here is how much of TeX's memory you used:
 5770 strings out of 493634
 88156 string characters out of 3141296
 171304 words of memory out of 3000000
 9067 multiletter control sequences out of 15000+200000
 39715 words of font info for 74 fonts, out of 3000000 for 9000
 1025 hyphenation exceptions out of 8191
 68i,10n,98p,1599b,384s stack positions out of 5000i,500n,10000p,200000b,50000s
{C:/Program Files (x86)/MiKTeX 2.9/fonts/enc/dvips/fontname/8r.enc}<C:/Progr
am Files (x86)/MiKTeX 2.9/fonts/type1/public/amsfonts/cm/cmmi10.pfb><C:/Program
 Files (x86)/MiKTeX 2.9/fonts/type1/public/amsfonts/cm/cmr10.pfb><C:/Program Fi
les (x86)/MiKTeX 2.9/fonts/type1/urw/courier/ucrr8a.pfb><C:/Program Files (x86)
/MiKTeX 2.9/fonts/type1/urw/times/utmb8a.pfb><C:/Program Files (x86)/MiKTeX 2.9
/fonts/type1/urw/times/utmbi8a.pfb><C:/Program Files (x86)/MiKTeX 2.9/fonts/typ
e1/urw/times/utmr8a.pfb><C:/Program Files (x86)/MiKTeX 2.9/fonts/type1/urw/time
s/utmri8a.pfb>
Output written on TItrabafin.pdf (9 pages, 694824 bytes).
PDF statistics:
 87 PDF objects out of 1000 (max. 8388607)
 0 named destinations out of 1000 (max. 500000)
 61 words of extra memory for PDF output out of 10000 (max. 10000000)

