\BOOKMARK [1][-]{section.1}{Introduction}{}% 1
\BOOKMARK [1][-]{section.2}{Objectives}{}% 2
\BOOKMARK [1][-]{section.3}{Theoretical Framework}{}% 3
\BOOKMARK [2][-]{subsection.3.1}{Statistics}{section.3}% 4
\BOOKMARK [2][-]{subsection.3.2}{Dataset}{section.3}% 5
\BOOKMARK [2][-]{subsection.3.3}{Data mining}{section.3}% 6
\BOOKMARK [2][-]{subsection.3.4}{Machine learning}{section.3}% 7
\BOOKMARK [2][-]{subsection.3.5}{Big Data Analytics}{section.3}% 8
\BOOKMARK [1][-]{section.4}{State of the art}{}% 9
\BOOKMARK [1][-]{section.5}{Methodology}{}% 10
\BOOKMARK [1][-]{section.6}{Information Recognizing}{}% 11
\BOOKMARK [2][-]{subsection.6.1}{The domain of the data.}{section.6}% 12
\BOOKMARK [2][-]{subsection.6.2}{The Dataset}{section.6}% 13
\BOOKMARK [2][-]{subsection.6.3}{Smart Objectives}{section.6}% 14
\BOOKMARK [1][-]{section.7}{Research Questions}{}% 15
\BOOKMARK [2][-]{subsection.7.1}{Descriptive.}{section.7}% 16
\BOOKMARK [2][-]{subsection.7.2}{Exploratory.}{section.7}% 17
\BOOKMARK [2][-]{subsection.7.3}{Inferential.}{section.7}% 18
\BOOKMARK [1][-]{section.8}{Exploratory Analysis}{}% 19
\BOOKMARK [1][-]{section.9}{Multivariate Analysis}{}% 20
\BOOKMARK [1][-]{section.10}{Finding Patterns}{}% 21
\BOOKMARK [2][-]{subsection.10.1}{Linear Regression}{section.10}% 22
\BOOKMARK [2][-]{subsection.10.2}{Clustering}{section.10}% 23
\BOOKMARK [1][-]{section.11}{Conclusions}{}% 24
\BOOKMARK [1][-]{section*.5}{References}{}% 25
